<?xml version="1.0" encoding="UTF-8"?>
<testng-results ignored="0" total="4" passed="4" failed="0" skipped="0">
  <reporter-output>
  </reporter-output>
  <suite started-at="2023-11-28T14:24:39 IST" name="Default suite" finished-at="2023-11-28T14:25:28 IST" duration-ms="49169">
    <groups>
    </groups>
    <test started-at="2023-11-28T14:24:39 IST" name="Default test" finished-at="2023-11-28T14:25:28 IST" duration-ms="49169">
      <class name="CURA_HealthCare.Home">
        <test-method is-config="true" signature="m()[pri:0, instance:CURA_HealthCare.Home@5a56cdac]" started-at="2023-11-28T14:24:39 IST" name="m" finished-at="2023-11-28T14:25:20 IST" duration-ms="40950" status="PASS">
          <reporter-output>
          </reporter-output>
        </test-method> <!-- m -->
        <test-method signature="HomePage()[pri:0, instance:CURA_HealthCare.Home@5a56cdac]" started-at="2023-11-28T14:25:20 IST" name="HomePage" finished-at="2023-11-28T14:25:21 IST" duration-ms="1306" status="PASS">
          <reporter-output>
          </reporter-output>
        </test-method> <!-- HomePage -->
        <test-method signature="MakeAppointment()[pri:1, instance:CURA_HealthCare.Home@5a56cdac]" started-at="2023-11-28T14:25:21 IST" name="MakeAppointment" finished-at="2023-11-28T14:25:22 IST" duration-ms="813" status="PASS">
          <reporter-output>
          </reporter-output>
        </test-method> <!-- MakeAppointment -->
        <test-method signature="Login()[pri:2, instance:CURA_HealthCare.Home@5a56cdac]" started-at="2023-11-28T14:25:22 IST" name="Login" finished-at="2023-11-28T14:25:25 IST" duration-ms="2562" status="PASS">
          <reporter-output>
          </reporter-output>
        </test-method> <!-- Login -->
        <test-method signature="Appointment()[pri:3, instance:CURA_HealthCare.Home@5a56cdac]" started-at="2023-11-28T14:25:25 IST" name="Appointment" finished-at="2023-11-28T14:25:28 IST" duration-ms="3408" status="PASS">
          <reporter-output>
          </reporter-output>
        </test-method> <!-- Appointment -->
      </class> <!-- CURA_HealthCare.Home -->
    </test> <!-- Default test -->
  </suite> <!-- Default suite -->
</testng-results>
