<?xml version="1.0" encoding="UTF-8"?>
<!-- Generated by org.testng.reporters.JUnitXMLReporter -->
<testsuite ignored="0" hostname="DESKTOP-4PNKHGI" failures="0" tests="4" name="Default test" time="49.169" errors="0" timestamp="2023-11-28T14:25:29 IST">
  <testcase classname="CURA_HealthCare.Home" name="HomePage" time="1.306"/>
  <testcase classname="CURA_HealthCare.Home" name="MakeAppointment" time="0.813"/>
  <testcase classname="CURA_HealthCare.Home" name="Login" time="2.562"/>
  <testcase classname="CURA_HealthCare.Home" name="Appointment" time="3.408"/>
</testsuite> <!-- Default test -->
